-- The C compiler identification is GNU 9.4.0
-- The CXX compiler identification is GNU 9.4.0
-- Detecting C compiler ABI info
-- Detecting C compiler ABI info - done
-- Check for working C compiler: /usr/bin/cc - skipped
-- Detecting C compile features
-- Detecting C compile features - done
-- Detecting CXX compiler ABI info
-- Detecting CXX compiler ABI info - done
-- Check for working CXX compiler: /usr/bin/c++ - skipped
-- Detecting CXX compile features
-- Detecting CXX compile features - done
-- Found ament_cmake: 0.9.12 (/opt/ros/foxy/share/ament_cmake/cmake)
-- Found PythonInterp: /usr/bin/python3 (found suitable version "3.8.10", minimum required is "3") 
-- Using PYTHON_EXECUTABLE: /usr/bin/python3
-- Override CMake install command with custom implementation using symlinks instead of copying resources
-- Found std_msgs: 2.0.5 (/opt/ros/foxy/share/std_msgs/cmake)
-- Using all available rosidl_typesupport_c: rosidl_typesupport_fastrtps_c;rosidl_typesupport_introspection_c
-- Found rosidl_adapter: 1.3.1 (/opt/ros/foxy/share/rosidl_adapter/cmake)
-- Found OpenSSL: /usr/lib/x86_64-linux-gnu/libcrypto.so (found version "1.1.1f")  
-- Found FastRTPS: /opt/ros/foxy/include  
-- Using all available rosidl_typesupport_cpp: rosidl_typesupport_fastrtps_cpp;rosidl_typesupport_introspection_cpp
-- Found sensor_msgs: 2.0.5 (/opt/ros/foxy/share/sensor_msgs/cmake)
-- Found rosidl_default_generators: 1.0.1 (/opt/ros/foxy/share/rosidl_default_generators/cmake)
-- Found PythonInterp: /usr/bin/python3 (found version "3.8.10") 
-- Found ament_cmake_ros: 0.9.2 (/opt/ros/foxy/share/ament_cmake_ros/cmake)
-- Using all available rosidl_typesupport_c: rosidl_typesupport_fastrtps_c;rosidl_typesupport_introspection_c
-- Using all available rosidl_typesupport_cpp: rosidl_typesupport_fastrtps_cpp;rosidl_typesupport_introspection_cpp
-- Found PythonInterp: /usr/bin/python3 (found suitable version "3.8.10", minimum required is "3.5") 
-- Found python_cmake_module: 0.8.1 (/opt/ros/foxy/share/python_cmake_module/cmake)
-- Found PythonLibs: /usr/lib/x86_64-linux-gnu/libpython3.8.so (found suitable version "3.8.10", minimum required is "3.5") 
-- Using PYTHON_EXECUTABLE: /usr/bin/python3
-- Using PYTHON_INCLUDE_DIRS: /usr/include/python3.8
-- Using PYTHON_LIBRARIES: /usr/lib/x86_64-linux-gnu/libpython3.8.so
-- Found PythonExtra: .so  
-- Found ament_lint_auto: 0.9.8 (/opt/ros/foxy/share/ament_lint_auto/cmake)
-- Added test 'copyright' to check source files copyright and LICENSE
-- Added test 'lint_cmake' to check CMake code style
-- Added test 'xmllint' to check XML markup files
-- Configuring done (1.8s)
-- Generating done (0.0s)
-- Build files have been written to: /home/kkh/Ros_yolov5/build/bboxes
[  2%] [34m[1mGenerating C code for ROS interfaces[0m
[  5%] [34m[1mGenerating C++ code for ROS interfaces[0m
[  5%] Built target bboxes__cpp
[  7%] [34m[1mGenerating C++ type support dispatch for ROS interfaces[0m
[ 12%] [34m[1mGenerating C++ introspection for ROS interfaces[0m
[ 12%] [34m[1mGenerating C++ type support for eProsima Fast-RTPS[0m
[ 15%] [32mBuilding C object CMakeFiles/bboxes__rosidl_generator_c.dir/rosidl_generator_c/bboxes/msg/detail/first_pick_box__functions.c.o[0m
[ 17%] [32mBuilding C object CMakeFiles/bboxes__rosidl_generator_c.dir/rosidl_generator_c/bboxes/srv/detail/image_first_pick_box__functions.c.o[0m
[ 20%] [32m[1mLinking C shared library libbboxes__rosidl_generator_c.so[0m
[ 20%] Built target bboxes__rosidl_generator_c
[ 23%] [34m[1mGenerating C introspection for ROS interfaces[0m
[ 25%] [34m[1mGenerating C type support dispatch for ROS interfaces[0m
[ 28%] [32mBuilding CXX object CMakeFiles/bboxes__rosidl_typesupport_cpp.dir/rosidl_typesupport_cpp/bboxes/msg/first_pick_box__type_support.cpp.o[0m
[ 30%] [32mBuilding CXX object CMakeFiles/bboxes__rosidl_typesupport_cpp.dir/rosidl_typesupport_cpp/bboxes/srv/image_first_pick_box__type_support.cpp.o[0m
[ 33%] [32mBuilding CXX object CMakeFiles/bboxes__rosidl_typesupport_introspection_cpp.dir/rosidl_typesupport_introspection_cpp/bboxes/msg/detail/first_pick_box__type_support.cpp.o[0m
[ 35%] [32mBuilding CXX object CMakeFiles/bboxes__rosidl_typesupport_introspection_cpp.dir/rosidl_typesupport_introspection_cpp/bboxes/srv/detail/image_first_pick_box__type_support.cpp.o[0m
[ 41%] [32mBuilding CXX object CMakeFiles/bboxes__rosidl_typesupport_fastrtps_cpp.dir/rosidl_typesupport_fastrtps_cpp/bboxes/msg/detail/dds_fastrtps/first_pick_box__type_support.cpp.o[0m
[ 41%] [32mBuilding CXX object CMakeFiles/bboxes__rosidl_typesupport_fastrtps_cpp.dir/rosidl_typesupport_fastrtps_cpp/bboxes/srv/detail/dds_fastrtps/image_first_pick_box__type_support.cpp.o[0m
[ 43%] [32mBuilding CXX object CMakeFiles/bboxes__rosidl_typesupport_c.dir/rosidl_typesupport_c/bboxes/msg/first_pick_box__type_support.cpp.o[0m
[ 46%] [32mBuilding CXX object CMakeFiles/bboxes__rosidl_typesupport_c.dir/rosidl_typesupport_c/bboxes/srv/image_first_pick_box__type_support.cpp.o[0m
[ 51%] [32mBuilding C object CMakeFiles/bboxes__rosidl_typesupport_introspection_c.dir/rosidl_typesupport_introspection_c/bboxes/srv/detail/image_first_pick_box__type_support.c.o[0m
[ 51%] [32mBuilding C object CMakeFiles/bboxes__rosidl_typesupport_introspection_c.dir/rosidl_typesupport_introspection_c/bboxes/msg/detail/first_pick_box__type_support.c.o[0m
[ 53%] [32m[1mLinking CXX shared library libbboxes__rosidl_typesupport_c.so[0m
[ 56%] [32m[1mLinking CXX shared library libbboxes__rosidl_typesupport_cpp.so[0m
[ 56%] Built target bboxes__rosidl_typesupport_c
[ 58%] [32m[1mLinking C shared library libbboxes__rosidl_typesupport_introspection_c.so[0m
[ 58%] Built target bboxes__rosidl_typesupport_introspection_c
[ 58%] Built target bboxes__rosidl_typesupport_cpp
[ 61%] [32m[1mLinking CXX shared library libbboxes__rosidl_typesupport_introspection_cpp.so[0m
[ 61%] Built target bboxes__rosidl_typesupport_introspection_cpp
[ 64%] [32m[1mLinking CXX shared library libbboxes__rosidl_typesupport_fastrtps_cpp.so[0m
[ 64%] Built target bboxes__rosidl_typesupport_fastrtps_cpp
[ 66%] [34m[1mGenerating C type support for eProsima Fast-RTPS[0m
[ 71%] [32mBuilding CXX object CMakeFiles/bboxes__rosidl_typesupport_fastrtps_c.dir/rosidl_typesupport_fastrtps_c/bboxes/srv/detail/image_first_pick_box__type_support_c.cpp.o[0m
[ 71%] [32mBuilding CXX object CMakeFiles/bboxes__rosidl_typesupport_fastrtps_c.dir/rosidl_typesupport_fastrtps_c/bboxes/msg/detail/first_pick_box__type_support_c.cpp.o[0m
[ 74%] [32m[1mLinking CXX shared library libbboxes__rosidl_typesupport_fastrtps_c.so[0m
[ 74%] Built target bboxes__rosidl_typesupport_fastrtps_c
[ 74%] Built target bboxes
[ 76%] [34m[1mGenerating Python code for ROS interfaces[0m
[ 76%] Built target bboxes__py
[ 79%] [32mBuilding C object CMakeFiles/bboxes__python.dir/rosidl_generator_py/bboxes/msg/_first_pick_box_s.c.o[0m
[ 82%] [32mBuilding C object CMakeFiles/bboxes__python.dir/rosidl_generator_py/bboxes/srv/_image_first_pick_box_s.c.o[0m
[ 84%] [32m[1mLinking C shared library rosidl_generator_py/bboxes/libbboxes__python.so[0m
[ 84%] Built target bboxes__python
[ 87%] [32mBuilding C object CMakeFiles/bboxes__rosidl_typesupport_introspection_c__pyext.dir/rosidl_generator_py/bboxes/_bboxes_s.ep.rosidl_typesupport_introspection_c.c.o[0m
[ 92%] [32mBuilding C object CMakeFiles/bboxes__rosidl_typesupport_fastrtps_c__pyext.dir/rosidl_generator_py/bboxes/_bboxes_s.ep.rosidl_typesupport_fastrtps_c.c.o[0m
[ 92%] [32mBuilding C object CMakeFiles/bboxes__rosidl_typesupport_c__pyext.dir/rosidl_generator_py/bboxes/_bboxes_s.ep.rosidl_typesupport_c.c.o[0m
[ 97%] [32m[1mLinking C shared library rosidl_generator_py/bboxes/bboxes_s__rosidl_typesupport_c.cpython-38-x86_64-linux-gnu.so[0m
[ 97%] [32m[1mLinking C shared library rosidl_generator_py/bboxes/bboxes_s__rosidl_typesupport_introspection_c.cpython-38-x86_64-linux-gnu.so[0m
[100%] [32m[1mLinking CXX shared library rosidl_generator_py/bboxes/bboxes_s__rosidl_typesupport_fastrtps_c.cpython-38-x86_64-linux-gnu.so[0m
[100%] Built target bboxes__rosidl_typesupport_c__pyext
[100%] Built target bboxes__rosidl_typesupport_introspection_c__pyext
[100%] Built target bboxes__rosidl_typesupport_fastrtps_c__pyext
-- Install configuration: ""
-- Execute custom install script
-- Symlinking: /home/kkh/Ros_yolov5/install/bboxes/share/ament_index/resource_index/rosidl_interfaces/bboxes
-- Symlinking: /home/kkh/Ros_yolov5/install/bboxes/include/bboxes/msg/detail/first_pick_box__functions.h
-- Symlinking: /home/kkh/Ros_yolov5/install/bboxes/include/bboxes/msg/detail/first_pick_box__struct.h
-- Symlinking: /home/kkh/Ros_yolov5/install/bboxes/include/bboxes/msg/detail/first_pick_box__type_support.h
-- Symlinking: /home/kkh/Ros_yolov5/install/bboxes/include/bboxes/msg/first_pick_box.h
-- Symlinking: /home/kkh/Ros_yolov5/install/bboxes/include/bboxes/msg/rosidl_generator_c__visibility_control.h
-- Symlinking: /home/kkh/Ros_yolov5/install/bboxes/include/bboxes/srv/detail/image_first_pick_box__functions.h
-- Symlinking: /home/kkh/Ros_yolov5/install/bboxes/include/bboxes/srv/detail/image_first_pick_box__struct.h
-- Symlinking: /home/kkh/Ros_yolov5/install/bboxes/include/bboxes/srv/detail/image_first_pick_box__type_support.h
-- Symlinking: /home/kkh/Ros_yolov5/install/bboxes/include/bboxes/srv/image_first_pick_box.h
-- Symlinking: /home/kkh/Ros_yolov5/install/bboxes/share/bboxes/environment/library_path.sh
-- Symlinking: /home/kkh/Ros_yolov5/install/bboxes/share/bboxes/environment/library_path.dsv
-- Symlinking: /home/kkh/Ros_yolov5/install/bboxes/include/bboxes/msg/detail/first_pick_box__rosidl_typesupport_fastrtps_c.h
-- Symlinking: /home/kkh/Ros_yolov5/install/bboxes/include/bboxes/msg/rosidl_typesupport_fastrtps_c__visibility_control.h
-- Symlinking: /home/kkh/Ros_yolov5/install/bboxes/include/bboxes/srv/detail/image_first_pick_box__rosidl_typesupport_fastrtps_c.h
-- Symlinking: /home/kkh/Ros_yolov5/install/bboxes/lib/libbboxes__rosidl_typesupport_fastrtps_c.so
-- Symlinking: /home/kkh/Ros_yolov5/install/bboxes/include/bboxes/msg/detail/first_pick_box__rosidl_typesupport_fastrtps_cpp.hpp
-- Symlinking: /home/kkh/Ros_yolov5/install/bboxes/include/bboxes/msg/rosidl_typesupport_fastrtps_cpp__visibility_control.h
-- Symlinking: /home/kkh/Ros_yolov5/install/bboxes/include/bboxes/srv/detail/image_first_pick_box__rosidl_typesupport_fastrtps_cpp.hpp
-- Symlinking: /home/kkh/Ros_yolov5/install/bboxes/lib/libbboxes__rosidl_typesupport_fastrtps_cpp.so
-- Symlinking: /home/kkh/Ros_yolov5/install/bboxes/include/bboxes/msg/detail/first_pick_box__rosidl_typesupport_introspection_c.h
-- Symlinking: /home/kkh/Ros_yolov5/install/bboxes/include/bboxes/msg/rosidl_typesupport_introspection_c__visibility_control.h
-- Symlinking: /home/kkh/Ros_yolov5/install/bboxes/include/bboxes/srv/detail/image_first_pick_box__rosidl_typesupport_introspection_c.h
-- Symlinking: /home/kkh/Ros_yolov5/install/bboxes/include/bboxes/msg/detail/first_pick_box__builder.hpp
-- Symlinking: /home/kkh/Ros_yolov5/install/bboxes/include/bboxes/msg/detail/first_pick_box__struct.hpp
-- Symlinking: /home/kkh/Ros_yolov5/install/bboxes/include/bboxes/msg/detail/first_pick_box__traits.hpp
-- Symlinking: /home/kkh/Ros_yolov5/install/bboxes/include/bboxes/msg/detail/first_pick_box__type_support.hpp
-- Symlinking: /home/kkh/Ros_yolov5/install/bboxes/include/bboxes/msg/first_pick_box.hpp
-- Symlinking: /home/kkh/Ros_yolov5/install/bboxes/include/bboxes/msg/rosidl_generator_cpp__visibility_control.hpp
-- Symlinking: /home/kkh/Ros_yolov5/install/bboxes/include/bboxes/srv/detail/image_first_pick_box__builder.hpp
-- Symlinking: /home/kkh/Ros_yolov5/install/bboxes/include/bboxes/srv/detail/image_first_pick_box__struct.hpp
-- Symlinking: /home/kkh/Ros_yolov5/install/bboxes/include/bboxes/srv/detail/image_first_pick_box__traits.hpp
-- Symlinking: /home/kkh/Ros_yolov5/install/bboxes/include/bboxes/srv/detail/image_first_pick_box__type_support.hpp
-- Symlinking: /home/kkh/Ros_yolov5/install/bboxes/include/bboxes/srv/image_first_pick_box.hpp
-- Symlinking: /home/kkh/Ros_yolov5/install/bboxes/include/bboxes/msg/detail/first_pick_box__rosidl_typesupport_introspection_cpp.hpp
-- Symlinking: /home/kkh/Ros_yolov5/install/bboxes/include/bboxes/srv/detail/image_first_pick_box__rosidl_typesupport_introspection_cpp.hpp
-- Symlinking: /home/kkh/Ros_yolov5/install/bboxes/share/bboxes/environment/pythonpath.sh
-- Symlinking: /home/kkh/Ros_yolov5/install/bboxes/share/bboxes/environment/pythonpath.dsv
-- Symlinking: /home/kkh/Ros_yolov5/install/bboxes/lib/python3.8/site-packages/bboxes/__init__.py
-- Symlinking: /home/kkh/Ros_yolov5/install/bboxes/lib/python3.8/site-packages/bboxes/msg/__init__.py
-- Symlinking: /home/kkh/Ros_yolov5/install/bboxes/lib/python3.8/site-packages/bboxes/msg/_first_pick_box.py
-- Symlinking: /home/kkh/Ros_yolov5/install/bboxes/lib/python3.8/site-packages/bboxes/srv/__init__.py
-- Symlinking: /home/kkh/Ros_yolov5/install/bboxes/lib/python3.8/site-packages/bboxes/srv/_image_first_pick_box.py
-- Symlinking: /home/kkh/Ros_yolov5/install/bboxes/lib/python3.8/site-packages/bboxes/bboxes_s__rosidl_typesupport_fastrtps_c.cpython-38-x86_64-linux-gnu.so
-- Symlinking: /home/kkh/Ros_yolov5/install/bboxes/lib/python3.8/site-packages/bboxes/bboxes_s__rosidl_typesupport_introspection_c.cpython-38-x86_64-linux-gnu.so
-- Symlinking: /home/kkh/Ros_yolov5/install/bboxes/lib/python3.8/site-packages/bboxes/bboxes_s__rosidl_typesupport_c.cpython-38-x86_64-linux-gnu.so
-- Symlinking: /home/kkh/Ros_yolov5/install/bboxes/lib/libbboxes__python.so
-- Symlinking: /home/kkh/Ros_yolov5/install/bboxes/share/bboxes/msg/FirstPickBox.idl
-- Symlinking: /home/kkh/Ros_yolov5/install/bboxes/share/bboxes/srv/ImageFirstPickBox.idl
-- Symlinking: /home/kkh/Ros_yolov5/install/bboxes/share/bboxes/msg/FirstPickBox.msg
-- Symlinking: /home/kkh/Ros_yolov5/install/bboxes/share/bboxes/srv/ImageFirstPickBox.srv
-- Symlinking: /home/kkh/Ros_yolov5/install/bboxes/share/bboxes/srv/ImageFirstPickBox_Request.msg
-- Symlinking: /home/kkh/Ros_yolov5/install/bboxes/share/bboxes/srv/ImageFirstPickBox_Response.msg
-- Symlinking: /home/kkh/Ros_yolov5/install/bboxes/share/ament_index/resource_index/package_run_dependencies/bboxes
-- Symlinking: /home/kkh/Ros_yolov5/install/bboxes/share/ament_index/resource_index/parent_prefix_path/bboxes
-- Symlinking: /home/kkh/Ros_yolov5/install/bboxes/share/bboxes/environment/ament_prefix_path.sh
-- Symlinking: /home/kkh/Ros_yolov5/install/bboxes/share/bboxes/environment/ament_prefix_path.dsv
-- Symlinking: /home/kkh/Ros_yolov5/install/bboxes/share/bboxes/environment/path.sh
-- Symlinking: /home/kkh/Ros_yolov5/install/bboxes/share/bboxes/environment/path.dsv
-- Symlinking: /home/kkh/Ros_yolov5/install/bboxes/share/bboxes/local_setup.bash
-- Symlinking: /home/kkh/Ros_yolov5/install/bboxes/share/bboxes/local_setup.sh
-- Symlinking: /home/kkh/Ros_yolov5/install/bboxes/share/bboxes/local_setup.zsh
-- Symlinking: /home/kkh/Ros_yolov5/install/bboxes/share/bboxes/local_setup.dsv
-- Symlinking: /home/kkh/Ros_yolov5/install/bboxes/share/bboxes/package.dsv
-- Symlinking: /home/kkh/Ros_yolov5/install/bboxes/share/ament_index/resource_index/packages/bboxes
-- Symlinking: /home/kkh/Ros_yolov5/install/bboxes/share/bboxes/cmake/rosidl_cmake-extras.cmake
-- Symlinking: /home/kkh/Ros_yolov5/install/bboxes/share/bboxes/cmake/ament_cmake_export_dependencies-extras.cmake
-- Symlinking: /home/kkh/Ros_yolov5/install/bboxes/share/bboxes/cmake/ament_cmake_export_libraries-extras.cmake
-- Symlinking: /home/kkh/Ros_yolov5/install/bboxes/share/bboxes/cmake/ament_cmake_export_targets-extras.cmake
-- Symlinking: /home/kkh/Ros_yolov5/install/bboxes/share/bboxes/cmake/ament_cmake_export_include_directories-extras.cmake
-- Symlinking: /home/kkh/Ros_yolov5/install/bboxes/share/bboxes/cmake/rosidl_cmake_export_typesupport_libraries-extras.cmake
-- Symlinking: /home/kkh/Ros_yolov5/install/bboxes/share/bboxes/cmake/rosidl_cmake_export_typesupport_targets-extras.cmake
-- Symlinking: /home/kkh/Ros_yolov5/install/bboxes/share/bboxes/cmake/bboxesConfig.cmake
-- Symlinking: /home/kkh/Ros_yolov5/install/bboxes/share/bboxes/cmake/bboxesConfig-version.cmake
-- Symlinking: /home/kkh/Ros_yolov5/install/bboxes/share/bboxes/package.xml
-- Installing: /home/kkh/Ros_yolov5/install/bboxes/lib/libbboxes__rosidl_generator_c.so
-- Set runtime path of "/home/kkh/Ros_yolov5/install/bboxes/lib/libbboxes__rosidl_generator_c.so" to ""
-- Installing: /home/kkh/Ros_yolov5/install/bboxes/lib/libbboxes__rosidl_typesupport_introspection_c.so
-- Set runtime path of "/home/kkh/Ros_yolov5/install/bboxes/lib/libbboxes__rosidl_typesupport_introspection_c.so" to ""
-- Installing: /home/kkh/Ros_yolov5/install/bboxes/lib/libbboxes__rosidl_typesupport_c.so
-- Set runtime path of "/home/kkh/Ros_yolov5/install/bboxes/lib/libbboxes__rosidl_typesupport_c.so" to ""
-- Installing: /home/kkh/Ros_yolov5/install/bboxes/lib/libbboxes__rosidl_typesupport_introspection_cpp.so
-- Set runtime path of "/home/kkh/Ros_yolov5/install/bboxes/lib/libbboxes__rosidl_typesupport_introspection_cpp.so" to ""
-- Installing: /home/kkh/Ros_yolov5/install/bboxes/lib/libbboxes__rosidl_typesupport_cpp.so
-- Set runtime path of "/home/kkh/Ros_yolov5/install/bboxes/lib/libbboxes__rosidl_typesupport_cpp.so" to ""
Compiling '/home/kkh/Ros_yolov5/install/bboxes/lib/python3.8/site-packages/bboxes/__init__.py'...
-- Installing: /home/kkh/Ros_yolov5/install/bboxes/share/bboxes/cmake/bboxes__rosidl_generator_cExport.cmake
-- Installing: /home/kkh/Ros_yolov5/install/bboxes/share/bboxes/cmake/bboxes__rosidl_generator_cExport-noconfig.cmake
-- Installing: /home/kkh/Ros_yolov5/install/bboxes/share/bboxes/cmake/bboxes__rosidl_typesupport_introspection_cExport.cmake
-- Installing: /home/kkh/Ros_yolov5/install/bboxes/share/bboxes/cmake/bboxes__rosidl_typesupport_introspection_cExport-noconfig.cmake
-- Installing: /home/kkh/Ros_yolov5/install/bboxes/share/bboxes/cmake/bboxes__rosidl_typesupport_cExport.cmake
-- Installing: /home/kkh/Ros_yolov5/install/bboxes/share/bboxes/cmake/bboxes__rosidl_typesupport_cExport-noconfig.cmake
-- Installing: /home/kkh/Ros_yolov5/install/bboxes/share/bboxes/cmake/bboxes__rosidl_generator_cppExport.cmake
-- Installing: /home/kkh/Ros_yolov5/install/bboxes/share/bboxes/cmake/bboxes__rosidl_typesupport_introspection_cppExport.cmake
-- Installing: /home/kkh/Ros_yolov5/install/bboxes/share/bboxes/cmake/bboxes__rosidl_typesupport_introspection_cppExport-noconfig.cmake
-- Installing: /home/kkh/Ros_yolov5/install/bboxes/share/bboxes/cmake/bboxes__rosidl_typesupport_cppExport.cmake
-- Installing: /home/kkh/Ros_yolov5/install/bboxes/share/bboxes/cmake/bboxes__rosidl_typesupport_cppExport-noconfig.cmake
