[0.034s] Invoking command in '/home/kkh/Ros_yolov5/build/bboxes': CMAKE_PREFIX_PATH=${CMAKE_PREFIX_PATH}:/home/kkh/yolov5_ros2/install/yolov5_ros:/home/kkh/yolov5_ros2/install/srv_example:/opt/ros/foxy /home/kkh/.local/bin/cmake /home/kkh/Ros_yolov5/src/bboxes -DAMENT_CMAKE_SYMLINK_INSTALL=1 -DCMAKE_INSTALL_PREFIX=/home/kkh/Ros_yolov5/install/bboxes
[0.281s] -- The C compiler identification is GNU 9.4.0
[0.282s] -- The CXX compiler identification is GNU 9.4.0
[0.282s] -- Detecting C compiler ABI info
[0.283s] -- Detecting C compiler ABI info - done
[0.283s] -- Check for working C compiler: /usr/bin/cc - skipped
[0.283s] -- Detecting C compile features
[0.283s] -- Detecting C compile features - done
[0.283s] -- Detecting CXX compiler ABI info
[0.299s] -- Detecting CXX compiler ABI info - done
[0.319s] -- Check for working CXX compiler: /usr/bin/c++ - skipped
[0.319s] -- Detecting CXX compile features
[0.320s] -- Detecting CXX compile features - done
[0.325s] -- Found ament_cmake: 0.9.12 (/opt/ros/foxy/share/ament_cmake/cmake)
[0.356s] -- Found PythonInterp: /usr/bin/python3 (found suitable version "3.8.10", minimum required is "3") 
[0.357s] -- Using PYTHON_EXECUTABLE: /usr/bin/python3
[0.531s] -- Override CMake install command with custom implementation using symlinks instead of copying resources
[0.554s] -- Found std_msgs: 2.0.5 (/opt/ros/foxy/share/std_msgs/cmake)
[0.583s] -- Using all available rosidl_typesupport_c: rosidl_typesupport_fastrtps_c;rosidl_typesupport_introspection_c
[0.590s] -- Found rosidl_adapter: 1.3.1 (/opt/ros/foxy/share/rosidl_adapter/cmake)
[0.658s] -- Found OpenSSL: /usr/lib/x86_64-linux-gnu/libcrypto.so (found version "1.1.1f")  
[0.704s] -- Found FastRTPS: /opt/ros/foxy/include  
[0.779s] -- Using all available rosidl_typesupport_cpp: rosidl_typesupport_fastrtps_cpp;rosidl_typesupport_introspection_cpp
[0.821s] -- Found sensor_msgs: 2.0.5 (/opt/ros/foxy/share/sensor_msgs/cmake)
[0.924s] -- Found rosidl_default_generators: 1.0.1 (/opt/ros/foxy/share/rosidl_default_generators/cmake)
[0.960s] -- Found PythonInterp: /usr/bin/python3 (found version "3.8.10") 
[1.152s] -- Found ament_cmake_ros: 0.9.2 (/opt/ros/foxy/share/ament_cmake_ros/cmake)
[1.446s] -- Using all available rosidl_typesupport_c: rosidl_typesupport_fastrtps_c;rosidl_typesupport_introspection_c
[1.578s] -- Using all available rosidl_typesupport_cpp: rosidl_typesupport_fastrtps_cpp;rosidl_typesupport_introspection_cpp
[1.608s] -- Found PythonInterp: /usr/bin/python3 (found suitable version "3.8.10", minimum required is "3.5") 
[1.610s] -- Found python_cmake_module: 0.8.1 (/opt/ros/foxy/share/python_cmake_module/cmake)
[1.664s] -- Found PythonLibs: /usr/lib/x86_64-linux-gnu/libpython3.8.so (found suitable version "3.8.10", minimum required is "3.5") 
[1.664s] -- Using PYTHON_EXECUTABLE: /usr/bin/python3
[1.664s] -- Using PYTHON_INCLUDE_DIRS: /usr/include/python3.8
[1.664s] -- Using PYTHON_LIBRARIES: /usr/lib/x86_64-linux-gnu/libpython3.8.so
[1.704s] -- Found PythonExtra: .so  
[1.853s] -- Found ament_lint_auto: 0.9.8 (/opt/ros/foxy/share/ament_lint_auto/cmake)
[1.880s] -- Added test 'copyright' to check source files copyright and LICENSE
[1.881s] -- Added test 'lint_cmake' to check CMake code style
[1.882s] -- Added test 'xmllint' to check XML markup files
[1.885s] -- Configuring done (1.8s)
[1.934s] -- Generating done (0.0s)
[1.936s] -- Build files have been written to: /home/kkh/Ros_yolov5/build/bboxes
[1.949s] Invoked command in '/home/kkh/Ros_yolov5/build/bboxes' returned '0': CMAKE_PREFIX_PATH=${CMAKE_PREFIX_PATH}:/home/kkh/yolov5_ros2/install/yolov5_ros:/home/kkh/yolov5_ros2/install/srv_example:/opt/ros/foxy /home/kkh/.local/bin/cmake /home/kkh/Ros_yolov5/src/bboxes -DAMENT_CMAKE_SYMLINK_INSTALL=1 -DCMAKE_INSTALL_PREFIX=/home/kkh/Ros_yolov5/install/bboxes
[1.951s] Invoking command in '/home/kkh/Ros_yolov5/build/bboxes': CMAKE_PREFIX_PATH=${CMAKE_PREFIX_PATH}:/home/kkh/yolov5_ros2/install/yolov5_ros:/home/kkh/yolov5_ros2/install/srv_example:/opt/ros/foxy /home/kkh/.local/bin/cmake --build /home/kkh/Ros_yolov5/build/bboxes -- -j8 -l8
[2.005s] [  2%] [34m[1mGenerating C code for ROS interfaces[0m
[2.012s] [  5%] [34m[1mGenerating C++ code for ROS interfaces[0m
[2.374s] [  5%] Built target bboxes__cpp
[2.378s] [  7%] [34m[1mGenerating C++ type support dispatch for ROS interfaces[0m
[2.378s] [ 12%] [34m[1mGenerating C++ introspection for ROS interfaces[0m
[2.378s] [ 12%] [34m[1mGenerating C++ type support for eProsima Fast-RTPS[0m
[2.398s] [ 15%] [32mBuilding C object CMakeFiles/bboxes__rosidl_generator_c.dir/rosidl_generator_c/bboxes/msg/detail/first_pick_box__functions.c.o[0m
[2.399s] [ 17%] [32mBuilding C object CMakeFiles/bboxes__rosidl_generator_c.dir/rosidl_generator_c/bboxes/srv/detail/image_first_pick_box__functions.c.o[0m
[2.471s] [ 20%] [32m[1mLinking C shared library libbboxes__rosidl_generator_c.so[0m
[2.495s] [ 20%] Built target bboxes__rosidl_generator_c
[2.499s] [ 23%] [34m[1mGenerating C introspection for ROS interfaces[0m
[2.500s] [ 25%] [34m[1mGenerating C type support dispatch for ROS interfaces[0m
[2.633s] [ 28%] [32mBuilding CXX object CMakeFiles/bboxes__rosidl_typesupport_cpp.dir/rosidl_typesupport_cpp/bboxes/msg/first_pick_box__type_support.cpp.o[0m
[2.634s] [ 30%] [32mBuilding CXX object CMakeFiles/bboxes__rosidl_typesupport_cpp.dir/rosidl_typesupport_cpp/bboxes/srv/image_first_pick_box__type_support.cpp.o[0m
[2.652s] [ 33%] [32mBuilding CXX object CMakeFiles/bboxes__rosidl_typesupport_introspection_cpp.dir/rosidl_typesupport_introspection_cpp/bboxes/msg/detail/first_pick_box__type_support.cpp.o[0m
[2.652s] [ 35%] [32mBuilding CXX object CMakeFiles/bboxes__rosidl_typesupport_introspection_cpp.dir/rosidl_typesupport_introspection_cpp/bboxes/srv/detail/image_first_pick_box__type_support.cpp.o[0m
[2.747s] [ 41%] [32mBuilding CXX object CMakeFiles/bboxes__rosidl_typesupport_fastrtps_cpp.dir/rosidl_typesupport_fastrtps_cpp/bboxes/msg/detail/dds_fastrtps/first_pick_box__type_support.cpp.o[0m
[2.748s] [ 41%] [32mBuilding CXX object CMakeFiles/bboxes__rosidl_typesupport_fastrtps_cpp.dir/rosidl_typesupport_fastrtps_cpp/bboxes/srv/detail/dds_fastrtps/image_first_pick_box__type_support.cpp.o[0m
[2.957s] [ 43%] [32mBuilding CXX object CMakeFiles/bboxes__rosidl_typesupport_c.dir/rosidl_typesupport_c/bboxes/msg/first_pick_box__type_support.cpp.o[0m
[2.979s] [ 46%] [32mBuilding CXX object CMakeFiles/bboxes__rosidl_typesupport_c.dir/rosidl_typesupport_c/bboxes/srv/image_first_pick_box__type_support.cpp.o[0m
[3.011s] [ 51%] [32mBuilding C object CMakeFiles/bboxes__rosidl_typesupport_introspection_c.dir/rosidl_typesupport_introspection_c/bboxes/srv/detail/image_first_pick_box__type_support.c.o[0m
[3.011s] [ 51%] [32mBuilding C object CMakeFiles/bboxes__rosidl_typesupport_introspection_c.dir/rosidl_typesupport_introspection_c/bboxes/msg/detail/first_pick_box__type_support.c.o[0m
[3.017s] [ 53%] [32m[1mLinking CXX shared library libbboxes__rosidl_typesupport_c.so[0m
[3.060s] [ 56%] [32m[1mLinking CXX shared library libbboxes__rosidl_typesupport_cpp.so[0m
[3.060s] [ 56%] Built target bboxes__rosidl_typesupport_c
[3.063s] [ 58%] [32m[1mLinking C shared library libbboxes__rosidl_typesupport_introspection_c.so[0m
[3.082s] [ 58%] Built target bboxes__rosidl_typesupport_introspection_c
[3.100s] [ 58%] Built target bboxes__rosidl_typesupport_cpp
[3.150s] [ 61%] [32m[1mLinking CXX shared library libbboxes__rosidl_typesupport_introspection_cpp.so[0m
[3.206s] [ 61%] Built target bboxes__rosidl_typesupport_introspection_cpp
[3.300s] [ 64%] [32m[1mLinking CXX shared library libbboxes__rosidl_typesupport_fastrtps_cpp.so[0m
[3.371s] [ 64%] Built target bboxes__rosidl_typesupport_fastrtps_cpp
[3.375s] [ 66%] [34m[1mGenerating C type support for eProsima Fast-RTPS[0m
[3.655s] [ 71%] [32mBuilding CXX object CMakeFiles/bboxes__rosidl_typesupport_fastrtps_c.dir/rosidl_typesupport_fastrtps_c/bboxes/srv/detail/image_first_pick_box__type_support_c.cpp.o[0m
[3.655s] [ 71%] [32mBuilding CXX object CMakeFiles/bboxes__rosidl_typesupport_fastrtps_c.dir/rosidl_typesupport_fastrtps_c/bboxes/msg/detail/first_pick_box__type_support_c.cpp.o[0m
[3.957s] [ 74%] [32m[1mLinking CXX shared library libbboxes__rosidl_typesupport_fastrtps_c.so[0m
[4.023s] [ 74%] Built target bboxes__rosidl_typesupport_fastrtps_c
[4.031s] [ 74%] Built target bboxes
[4.039s] [ 76%] [34m[1mGenerating Python code for ROS interfaces[0m
[4.608s] [ 76%] Built target bboxes__py
[4.616s] [ 79%] [32mBuilding C object CMakeFiles/bboxes__python.dir/rosidl_generator_py/bboxes/msg/_first_pick_box_s.c.o[0m
[4.616s] [ 82%] [32mBuilding C object CMakeFiles/bboxes__python.dir/rosidl_generator_py/bboxes/srv/_image_first_pick_box_s.c.o[0m
[4.701s] [ 84%] [32m[1mLinking C shared library rosidl_generator_py/bboxes/libbboxes__python.so[0m
[4.741s] [ 84%] Built target bboxes__python
[4.756s] [ 87%] [32mBuilding C object CMakeFiles/bboxes__rosidl_typesupport_introspection_c__pyext.dir/rosidl_generator_py/bboxes/_bboxes_s.ep.rosidl_typesupport_introspection_c.c.o[0m
[4.756s] [ 92%] [32mBuilding C object CMakeFiles/bboxes__rosidl_typesupport_fastrtps_c__pyext.dir/rosidl_generator_py/bboxes/_bboxes_s.ep.rosidl_typesupport_fastrtps_c.c.o[0m
[4.756s] [ 92%] [32mBuilding C object CMakeFiles/bboxes__rosidl_typesupport_c__pyext.dir/rosidl_generator_py/bboxes/_bboxes_s.ep.rosidl_typesupport_c.c.o[0m
[4.835s] [ 97%] [32m[1mLinking C shared library rosidl_generator_py/bboxes/bboxes_s__rosidl_typesupport_c.cpython-38-x86_64-linux-gnu.so[0m
[4.836s] [ 97%] [32m[1mLinking C shared library rosidl_generator_py/bboxes/bboxes_s__rosidl_typesupport_introspection_c.cpython-38-x86_64-linux-gnu.so[0m
[4.836s] [100%] [32m[1mLinking CXX shared library rosidl_generator_py/bboxes/bboxes_s__rosidl_typesupport_fastrtps_c.cpython-38-x86_64-linux-gnu.so[0m
[4.860s] [100%] Built target bboxes__rosidl_typesupport_c__pyext
[4.860s] [100%] Built target bboxes__rosidl_typesupport_introspection_c__pyext
[4.888s] [100%] Built target bboxes__rosidl_typesupport_fastrtps_c__pyext
[4.896s] Invoked command in '/home/kkh/Ros_yolov5/build/bboxes' returned '0': CMAKE_PREFIX_PATH=${CMAKE_PREFIX_PATH}:/home/kkh/yolov5_ros2/install/yolov5_ros:/home/kkh/yolov5_ros2/install/srv_example:/opt/ros/foxy /home/kkh/.local/bin/cmake --build /home/kkh/Ros_yolov5/build/bboxes -- -j8 -l8
[5.087s] Invoking command in '/home/kkh/Ros_yolov5/build/bboxes': CMAKE_PREFIX_PATH=${CMAKE_PREFIX_PATH}:/home/kkh/yolov5_ros2/install/yolov5_ros:/home/kkh/yolov5_ros2/install/srv_example:/opt/ros/foxy /home/kkh/.local/bin/cmake --install /home/kkh/Ros_yolov5/build/bboxes
[5.141s] -- Install configuration: ""
[5.143s] -- Execute custom install script
[5.143s] -- Symlinking: /home/kkh/Ros_yolov5/install/bboxes/share/ament_index/resource_index/rosidl_interfaces/bboxes
[5.148s] -- Symlinking: /home/kkh/Ros_yolov5/install/bboxes/include/bboxes/msg/detail/first_pick_box__functions.h
[5.152s] -- Symlinking: /home/kkh/Ros_yolov5/install/bboxes/include/bboxes/msg/detail/first_pick_box__struct.h
[5.156s] -- Symlinking: /home/kkh/Ros_yolov5/install/bboxes/include/bboxes/msg/detail/first_pick_box__type_support.h
[5.160s] -- Symlinking: /home/kkh/Ros_yolov5/install/bboxes/include/bboxes/msg/first_pick_box.h
[5.164s] -- Symlinking: /home/kkh/Ros_yolov5/install/bboxes/include/bboxes/msg/rosidl_generator_c__visibility_control.h
[5.167s] -- Symlinking: /home/kkh/Ros_yolov5/install/bboxes/include/bboxes/srv/detail/image_first_pick_box__functions.h
[5.171s] -- Symlinking: /home/kkh/Ros_yolov5/install/bboxes/include/bboxes/srv/detail/image_first_pick_box__struct.h
[5.175s] -- Symlinking: /home/kkh/Ros_yolov5/install/bboxes/include/bboxes/srv/detail/image_first_pick_box__type_support.h
[5.179s] -- Symlinking: /home/kkh/Ros_yolov5/install/bboxes/include/bboxes/srv/image_first_pick_box.h
[5.183s] -- Symlinking: /home/kkh/Ros_yolov5/install/bboxes/share/bboxes/environment/library_path.sh
[5.187s] -- Symlinking: /home/kkh/Ros_yolov5/install/bboxes/share/bboxes/environment/library_path.dsv
[5.192s] -- Symlinking: /home/kkh/Ros_yolov5/install/bboxes/include/bboxes/msg/detail/first_pick_box__rosidl_typesupport_fastrtps_c.h
[5.196s] -- Symlinking: /home/kkh/Ros_yolov5/install/bboxes/include/bboxes/msg/rosidl_typesupport_fastrtps_c__visibility_control.h
[5.199s] -- Symlinking: /home/kkh/Ros_yolov5/install/bboxes/include/bboxes/srv/detail/image_first_pick_box__rosidl_typesupport_fastrtps_c.h
[5.204s] -- Symlinking: /home/kkh/Ros_yolov5/install/bboxes/lib/libbboxes__rosidl_typesupport_fastrtps_c.so
[5.208s] -- Symlinking: /home/kkh/Ros_yolov5/install/bboxes/include/bboxes/msg/detail/first_pick_box__rosidl_typesupport_fastrtps_cpp.hpp
[5.212s] -- Symlinking: /home/kkh/Ros_yolov5/install/bboxes/include/bboxes/msg/rosidl_typesupport_fastrtps_cpp__visibility_control.h
[5.216s] -- Symlinking: /home/kkh/Ros_yolov5/install/bboxes/include/bboxes/srv/detail/image_first_pick_box__rosidl_typesupport_fastrtps_cpp.hpp
[5.220s] -- Symlinking: /home/kkh/Ros_yolov5/install/bboxes/lib/libbboxes__rosidl_typesupport_fastrtps_cpp.so
[5.224s] -- Symlinking: /home/kkh/Ros_yolov5/install/bboxes/include/bboxes/msg/detail/first_pick_box__rosidl_typesupport_introspection_c.h
[5.228s] -- Symlinking: /home/kkh/Ros_yolov5/install/bboxes/include/bboxes/msg/rosidl_typesupport_introspection_c__visibility_control.h
[5.232s] -- Symlinking: /home/kkh/Ros_yolov5/install/bboxes/include/bboxes/srv/detail/image_first_pick_box__rosidl_typesupport_introspection_c.h
[5.236s] -- Symlinking: /home/kkh/Ros_yolov5/install/bboxes/include/bboxes/msg/detail/first_pick_box__builder.hpp
[5.240s] -- Symlinking: /home/kkh/Ros_yolov5/install/bboxes/include/bboxes/msg/detail/first_pick_box__struct.hpp
[5.244s] -- Symlinking: /home/kkh/Ros_yolov5/install/bboxes/include/bboxes/msg/detail/first_pick_box__traits.hpp
[5.248s] -- Symlinking: /home/kkh/Ros_yolov5/install/bboxes/include/bboxes/msg/detail/first_pick_box__type_support.hpp
[5.252s] -- Symlinking: /home/kkh/Ros_yolov5/install/bboxes/include/bboxes/msg/first_pick_box.hpp
[5.255s] -- Symlinking: /home/kkh/Ros_yolov5/install/bboxes/include/bboxes/msg/rosidl_generator_cpp__visibility_control.hpp
[5.259s] -- Symlinking: /home/kkh/Ros_yolov5/install/bboxes/include/bboxes/srv/detail/image_first_pick_box__builder.hpp
[5.263s] -- Symlinking: /home/kkh/Ros_yolov5/install/bboxes/include/bboxes/srv/detail/image_first_pick_box__struct.hpp
[5.267s] -- Symlinking: /home/kkh/Ros_yolov5/install/bboxes/include/bboxes/srv/detail/image_first_pick_box__traits.hpp
[5.271s] -- Symlinking: /home/kkh/Ros_yolov5/install/bboxes/include/bboxes/srv/detail/image_first_pick_box__type_support.hpp
[5.275s] -- Symlinking: /home/kkh/Ros_yolov5/install/bboxes/include/bboxes/srv/image_first_pick_box.hpp
[5.279s] -- Symlinking: /home/kkh/Ros_yolov5/install/bboxes/include/bboxes/msg/detail/first_pick_box__rosidl_typesupport_introspection_cpp.hpp
[5.283s] -- Symlinking: /home/kkh/Ros_yolov5/install/bboxes/include/bboxes/srv/detail/image_first_pick_box__rosidl_typesupport_introspection_cpp.hpp
[5.287s] -- Symlinking: /home/kkh/Ros_yolov5/install/bboxes/share/bboxes/environment/pythonpath.sh
[5.291s] -- Symlinking: /home/kkh/Ros_yolov5/install/bboxes/share/bboxes/environment/pythonpath.dsv
[5.295s] -- Symlinking: /home/kkh/Ros_yolov5/install/bboxes/lib/python3.8/site-packages/bboxes/__init__.py
[5.299s] -- Symlinking: /home/kkh/Ros_yolov5/install/bboxes/lib/python3.8/site-packages/bboxes/msg/__init__.py
[5.303s] -- Symlinking: /home/kkh/Ros_yolov5/install/bboxes/lib/python3.8/site-packages/bboxes/msg/_first_pick_box.py
[5.308s] -- Symlinking: /home/kkh/Ros_yolov5/install/bboxes/lib/python3.8/site-packages/bboxes/srv/__init__.py
[5.311s] -- Symlinking: /home/kkh/Ros_yolov5/install/bboxes/lib/python3.8/site-packages/bboxes/srv/_image_first_pick_box.py
[5.315s] -- Symlinking: /home/kkh/Ros_yolov5/install/bboxes/lib/python3.8/site-packages/bboxes/bboxes_s__rosidl_typesupport_fastrtps_c.cpython-38-x86_64-linux-gnu.so
[5.319s] -- Symlinking: /home/kkh/Ros_yolov5/install/bboxes/lib/python3.8/site-packages/bboxes/bboxes_s__rosidl_typesupport_introspection_c.cpython-38-x86_64-linux-gnu.so
[5.323s] -- Symlinking: /home/kkh/Ros_yolov5/install/bboxes/lib/python3.8/site-packages/bboxes/bboxes_s__rosidl_typesupport_c.cpython-38-x86_64-linux-gnu.so
[5.328s] -- Symlinking: /home/kkh/Ros_yolov5/install/bboxes/lib/libbboxes__python.so
[5.332s] -- Symlinking: /home/kkh/Ros_yolov5/install/bboxes/share/bboxes/msg/FirstPickBox.idl
[5.336s] -- Symlinking: /home/kkh/Ros_yolov5/install/bboxes/share/bboxes/srv/ImageFirstPickBox.idl
[5.340s] -- Symlinking: /home/kkh/Ros_yolov5/install/bboxes/share/bboxes/msg/FirstPickBox.msg
[5.344s] -- Symlinking: /home/kkh/Ros_yolov5/install/bboxes/share/bboxes/srv/ImageFirstPickBox.srv
[5.347s] -- Symlinking: /home/kkh/Ros_yolov5/install/bboxes/share/bboxes/srv/ImageFirstPickBox_Request.msg
[5.351s] -- Symlinking: /home/kkh/Ros_yolov5/install/bboxes/share/bboxes/srv/ImageFirstPickBox_Response.msg
[5.356s] -- Symlinking: /home/kkh/Ros_yolov5/install/bboxes/share/ament_index/resource_index/package_run_dependencies/bboxes
[5.360s] -- Symlinking: /home/kkh/Ros_yolov5/install/bboxes/share/ament_index/resource_index/parent_prefix_path/bboxes
[5.364s] -- Symlinking: /home/kkh/Ros_yolov5/install/bboxes/share/bboxes/environment/ament_prefix_path.sh
[5.367s] -- Symlinking: /home/kkh/Ros_yolov5/install/bboxes/share/bboxes/environment/ament_prefix_path.dsv
[5.371s] -- Symlinking: /home/kkh/Ros_yolov5/install/bboxes/share/bboxes/environment/path.sh
[5.375s] -- Symlinking: /home/kkh/Ros_yolov5/install/bboxes/share/bboxes/environment/path.dsv
[5.379s] -- Symlinking: /home/kkh/Ros_yolov5/install/bboxes/share/bboxes/local_setup.bash
[5.383s] -- Symlinking: /home/kkh/Ros_yolov5/install/bboxes/share/bboxes/local_setup.sh
[5.387s] -- Symlinking: /home/kkh/Ros_yolov5/install/bboxes/share/bboxes/local_setup.zsh
[5.391s] -- Symlinking: /home/kkh/Ros_yolov5/install/bboxes/share/bboxes/local_setup.dsv
[5.395s] -- Symlinking: /home/kkh/Ros_yolov5/install/bboxes/share/bboxes/package.dsv
[5.399s] -- Symlinking: /home/kkh/Ros_yolov5/install/bboxes/share/ament_index/resource_index/packages/bboxes
[5.403s] -- Symlinking: /home/kkh/Ros_yolov5/install/bboxes/share/bboxes/cmake/rosidl_cmake-extras.cmake
[5.407s] -- Symlinking: /home/kkh/Ros_yolov5/install/bboxes/share/bboxes/cmake/ament_cmake_export_dependencies-extras.cmake
[5.411s] -- Symlinking: /home/kkh/Ros_yolov5/install/bboxes/share/bboxes/cmake/ament_cmake_export_libraries-extras.cmake
[5.415s] -- Symlinking: /home/kkh/Ros_yolov5/install/bboxes/share/bboxes/cmake/ament_cmake_export_targets-extras.cmake
[5.419s] -- Symlinking: /home/kkh/Ros_yolov5/install/bboxes/share/bboxes/cmake/ament_cmake_export_include_directories-extras.cmake
[5.423s] -- Symlinking: /home/kkh/Ros_yolov5/install/bboxes/share/bboxes/cmake/rosidl_cmake_export_typesupport_libraries-extras.cmake
[5.427s] -- Symlinking: /home/kkh/Ros_yolov5/install/bboxes/share/bboxes/cmake/rosidl_cmake_export_typesupport_targets-extras.cmake
[5.431s] -- Symlinking: /home/kkh/Ros_yolov5/install/bboxes/share/bboxes/cmake/bboxesConfig.cmake
[5.434s] -- Symlinking: /home/kkh/Ros_yolov5/install/bboxes/share/bboxes/cmake/bboxesConfig-version.cmake
[5.439s] -- Symlinking: /home/kkh/Ros_yolov5/install/bboxes/share/bboxes/package.xml
[5.443s] -- Installing: /home/kkh/Ros_yolov5/install/bboxes/lib/libbboxes__rosidl_generator_c.so
[5.443s] -- Set runtime path of "/home/kkh/Ros_yolov5/install/bboxes/lib/libbboxes__rosidl_generator_c.so" to ""
[5.443s] -- Installing: /home/kkh/Ros_yolov5/install/bboxes/lib/libbboxes__rosidl_typesupport_introspection_c.so
[5.444s] -- Set runtime path of "/home/kkh/Ros_yolov5/install/bboxes/lib/libbboxes__rosidl_typesupport_introspection_c.so" to ""
[5.444s] -- Installing: /home/kkh/Ros_yolov5/install/bboxes/lib/libbboxes__rosidl_typesupport_c.so
[5.444s] -- Set runtime path of "/home/kkh/Ros_yolov5/install/bboxes/lib/libbboxes__rosidl_typesupport_c.so" to ""
[5.444s] -- Installing: /home/kkh/Ros_yolov5/install/bboxes/lib/libbboxes__rosidl_typesupport_introspection_cpp.so
[5.444s] -- Set runtime path of "/home/kkh/Ros_yolov5/install/bboxes/lib/libbboxes__rosidl_typesupport_introspection_cpp.so" to ""
[5.445s] -- Installing: /home/kkh/Ros_yolov5/install/bboxes/lib/libbboxes__rosidl_typesupport_cpp.so
[5.445s] -- Set runtime path of "/home/kkh/Ros_yolov5/install/bboxes/lib/libbboxes__rosidl_typesupport_cpp.so" to ""
[5.498s] Compiling '/home/kkh/Ros_yolov5/install/bboxes/lib/python3.8/site-packages/bboxes/__init__.py'...
[5.502s] -- Installing: /home/kkh/Ros_yolov5/install/bboxes/share/bboxes/cmake/bboxes__rosidl_generator_cExport.cmake
[5.502s] -- Installing: /home/kkh/Ros_yolov5/install/bboxes/share/bboxes/cmake/bboxes__rosidl_generator_cExport-noconfig.cmake
[5.503s] -- Installing: /home/kkh/Ros_yolov5/install/bboxes/share/bboxes/cmake/bboxes__rosidl_typesupport_introspection_cExport.cmake
[5.503s] -- Installing: /home/kkh/Ros_yolov5/install/bboxes/share/bboxes/cmake/bboxes__rosidl_typesupport_introspection_cExport-noconfig.cmake
[5.503s] -- Installing: /home/kkh/Ros_yolov5/install/bboxes/share/bboxes/cmake/bboxes__rosidl_typesupport_cExport.cmake
[5.503s] -- Installing: /home/kkh/Ros_yolov5/install/bboxes/share/bboxes/cmake/bboxes__rosidl_typesupport_cExport-noconfig.cmake
[5.503s] -- Installing: /home/kkh/Ros_yolov5/install/bboxes/share/bboxes/cmake/bboxes__rosidl_generator_cppExport.cmake
[5.503s] -- Installing: /home/kkh/Ros_yolov5/install/bboxes/share/bboxes/cmake/bboxes__rosidl_typesupport_introspection_cppExport.cmake
[5.503s] -- Installing: /home/kkh/Ros_yolov5/install/bboxes/share/bboxes/cmake/bboxes__rosidl_typesupport_introspection_cppExport-noconfig.cmake
[5.503s] -- Installing: /home/kkh/Ros_yolov5/install/bboxes/share/bboxes/cmake/bboxes__rosidl_typesupport_cppExport.cmake
[5.503s] -- Installing: /home/kkh/Ros_yolov5/install/bboxes/share/bboxes/cmake/bboxes__rosidl_typesupport_cppExport-noconfig.cmake
[5.511s] Invoked command in '/home/kkh/Ros_yolov5/build/bboxes' returned '0': CMAKE_PREFIX_PATH=${CMAKE_PREFIX_PATH}:/home/kkh/yolov5_ros2/install/yolov5_ros:/home/kkh/yolov5_ros2/install/srv_example:/opt/ros/foxy /home/kkh/.local/bin/cmake --install /home/kkh/Ros_yolov5/build/bboxes
