[0.282s] DEBUG:colcon:Command line arguments: ['/usr/bin/colcon', 'build', '--symlink-install']
[0.282s] DEBUG:colcon:Parsed command line arguments: Namespace(allow_overriding=[], ament_cmake_args=None, base_paths=['.'], build_base='build', catkin_cmake_args=None, catkin_skip_building_tests=False, cmake_args=None, cmake_clean_cache=False, cmake_clean_first=False, cmake_force_configure=False, cmake_target=None, cmake_target_skip_unavailable=False, continue_on_error=False, event_handlers=None, executor='parallel', ignore_user_meta=False, install_base='install', log_base=None, log_level=None, main=<bound method BuildVerb.main of <colcon_core.verb.build.BuildVerb object at 0x7fcdb3013c70>>, merge_install=False, metas=['./colcon.meta'], packages_above=None, packages_above_and_dependencies=None, packages_above_depth=None, packages_end=None, packages_ignore=None, packages_ignore_regex=None, packages_select=None, packages_select_build_failed=False, packages_select_by_dep=None, packages_select_regex=None, packages_select_test_failures=False, packages_skip=None, packages_skip_build_finished=False, packages_skip_by_dep=None, packages_skip_regex=None, packages_skip_test_passed=False, packages_skip_up_to=None, packages_start=None, packages_up_to=None, packages_up_to_regex=None, parallel_workers=8, paths=None, symlink_install=True, test_result_base=None, verb_extension=<colcon_core.verb.build.BuildVerb object at 0x7fcdb3013c70>, verb_name='build', verb_parser=<colcon_defaults.argument_parser.defaults.DefaultArgumentsDecorator object at 0x7fcdb301c220>)
[0.305s] Level 1:colcon.colcon_core.package_discovery:discover_packages(colcon_meta) check parameters
[0.306s] Level 1:colcon.colcon_core.package_discovery:discover_packages(recursive) check parameters
[0.306s] Level 1:colcon.colcon_core.package_discovery:discover_packages(ignore) check parameters
[0.306s] Level 1:colcon.colcon_core.package_discovery:discover_packages(path) check parameters
[0.306s] Level 1:colcon.colcon_core.package_discovery:discover_packages(colcon_meta) discover
[0.306s] Level 1:colcon.colcon_core.package_discovery:discover_packages(recursive) discover
[0.306s] INFO:colcon.colcon_core.package_discovery:Crawling recursively for packages in '/home/kkh/Ros_yolov5'
[0.306s] Level 1:colcon.colcon_core.package_identification:_identify(.) by extensions ['ignore', 'ignore_ament_install']
[0.306s] Level 1:colcon.colcon_core.package_identification:_identify(.) by extension 'ignore'
[0.306s] Level 1:colcon.colcon_core.package_identification:_identify(.) by extension 'ignore_ament_install'
[0.306s] Level 1:colcon.colcon_core.package_identification:_identify(.) by extensions ['colcon_pkg']
[0.306s] Level 1:colcon.colcon_core.package_identification:_identify(.) by extension 'colcon_pkg'
[0.306s] Level 1:colcon.colcon_core.package_identification:_identify(.) by extensions ['colcon_meta']
[0.306s] Level 1:colcon.colcon_core.package_identification:_identify(.) by extension 'colcon_meta'
[0.306s] Level 1:colcon.colcon_core.package_identification:_identify(.) by extensions ['ros']
[0.306s] Level 1:colcon.colcon_core.package_identification:_identify(.) by extension 'ros'
[0.323s] Level 1:colcon.colcon_core.package_identification:_identify(.) by extensions ['cmake', 'python']
[0.323s] Level 1:colcon.colcon_core.package_identification:_identify(.) by extension 'cmake'
[0.323s] Level 1:colcon.colcon_core.package_identification:_identify(.) by extension 'python'
[0.323s] Level 1:colcon.colcon_core.package_identification:_identify(.) by extensions ['python_setup_py']
[0.323s] Level 1:colcon.colcon_core.package_identification:_identify(.) by extension 'python_setup_py'
[0.323s] Level 1:colcon.colcon_core.package_identification:_identify(build) by extensions ['ignore', 'ignore_ament_install']
[0.323s] Level 1:colcon.colcon_core.package_identification:_identify(build) by extension 'ignore'
[0.323s] Level 1:colcon.colcon_core.package_identification:_identify(build) ignored
[0.323s] Level 1:colcon.colcon_core.package_identification:_identify(install) by extensions ['ignore', 'ignore_ament_install']
[0.323s] Level 1:colcon.colcon_core.package_identification:_identify(install) by extension 'ignore'
[0.323s] Level 1:colcon.colcon_core.package_identification:_identify(install) ignored
[0.323s] Level 1:colcon.colcon_core.package_identification:_identify(log) by extensions ['ignore', 'ignore_ament_install']
[0.323s] Level 1:colcon.colcon_core.package_identification:_identify(log) by extension 'ignore'
[0.323s] Level 1:colcon.colcon_core.package_identification:_identify(log) ignored
[0.323s] Level 1:colcon.colcon_core.package_identification:_identify(src) by extensions ['ignore', 'ignore_ament_install']
[0.324s] Level 1:colcon.colcon_core.package_identification:_identify(src) by extension 'ignore'
[0.324s] Level 1:colcon.colcon_core.package_identification:_identify(src) by extension 'ignore_ament_install'
[0.324s] Level 1:colcon.colcon_core.package_identification:_identify(src) by extensions ['colcon_pkg']
[0.324s] Level 1:colcon.colcon_core.package_identification:_identify(src) by extension 'colcon_pkg'
[0.324s] Level 1:colcon.colcon_core.package_identification:_identify(src) by extensions ['colcon_meta']
[0.324s] Level 1:colcon.colcon_core.package_identification:_identify(src) by extension 'colcon_meta'
[0.324s] Level 1:colcon.colcon_core.package_identification:_identify(src) by extensions ['ros']
[0.324s] Level 1:colcon.colcon_core.package_identification:_identify(src) by extension 'ros'
[0.324s] Level 1:colcon.colcon_core.package_identification:_identify(src) by extensions ['cmake', 'python']
[0.324s] Level 1:colcon.colcon_core.package_identification:_identify(src) by extension 'cmake'
[0.324s] Level 1:colcon.colcon_core.package_identification:_identify(src) by extension 'python'
[0.324s] Level 1:colcon.colcon_core.package_identification:_identify(src) by extensions ['python_setup_py']
[0.324s] Level 1:colcon.colcon_core.package_identification:_identify(src) by extension 'python_setup_py'
[0.324s] Level 1:colcon.colcon_core.package_identification:_identify(src/bboxes) by extensions ['ignore', 'ignore_ament_install']
[0.324s] Level 1:colcon.colcon_core.package_identification:_identify(src/bboxes) by extension 'ignore'
[0.324s] Level 1:colcon.colcon_core.package_identification:_identify(src/bboxes) by extension 'ignore_ament_install'
[0.324s] Level 1:colcon.colcon_core.package_identification:_identify(src/bboxes) by extensions ['colcon_pkg']
[0.324s] Level 1:colcon.colcon_core.package_identification:_identify(src/bboxes) by extension 'colcon_pkg'
[0.324s] Level 1:colcon.colcon_core.package_identification:_identify(src/bboxes) by extensions ['colcon_meta']
[0.324s] Level 1:colcon.colcon_core.package_identification:_identify(src/bboxes) by extension 'colcon_meta'
[0.324s] Level 1:colcon.colcon_core.package_identification:_identify(src/bboxes) by extensions ['ros']
[0.324s] Level 1:colcon.colcon_core.package_identification:_identify(src/bboxes) by extension 'ros'
[0.327s] DEBUG:colcon.colcon_core.package_identification:Package 'src/bboxes' with type 'ros.ament_cmake' and name 'bboxes'
[0.327s] Level 1:colcon.colcon_core.package_identification:_identify(src/srv_example) by extensions ['ignore', 'ignore_ament_install']
[0.327s] Level 1:colcon.colcon_core.package_identification:_identify(src/srv_example) by extension 'ignore'
[0.327s] Level 1:colcon.colcon_core.package_identification:_identify(src/srv_example) by extension 'ignore_ament_install'
[0.327s] Level 1:colcon.colcon_core.package_identification:_identify(src/srv_example) by extensions ['colcon_pkg']
[0.327s] Level 1:colcon.colcon_core.package_identification:_identify(src/srv_example) by extension 'colcon_pkg'
[0.327s] Level 1:colcon.colcon_core.package_identification:_identify(src/srv_example) by extensions ['colcon_meta']
[0.327s] Level 1:colcon.colcon_core.package_identification:_identify(src/srv_example) by extension 'colcon_meta'
[0.327s] Level 1:colcon.colcon_core.package_identification:_identify(src/srv_example) by extensions ['ros']
[0.327s] Level 1:colcon.colcon_core.package_identification:_identify(src/srv_example) by extension 'ros'
[0.328s] DEBUG:colcon.colcon_core.package_identification:Package 'src/srv_example' with type 'ros.ament_python' and name 'srv_example'
[0.328s] Level 1:colcon.colcon_core.package_identification:_identify(src/yolov5_ros) by extensions ['ignore', 'ignore_ament_install']
[0.328s] Level 1:colcon.colcon_core.package_identification:_identify(src/yolov5_ros) by extension 'ignore'
[0.328s] Level 1:colcon.colcon_core.package_identification:_identify(src/yolov5_ros) by extension 'ignore_ament_install'
[0.328s] Level 1:colcon.colcon_core.package_identification:_identify(src/yolov5_ros) by extensions ['colcon_pkg']
[0.328s] Level 1:colcon.colcon_core.package_identification:_identify(src/yolov5_ros) by extension 'colcon_pkg'
[0.328s] Level 1:colcon.colcon_core.package_identification:_identify(src/yolov5_ros) by extensions ['colcon_meta']
[0.328s] Level 1:colcon.colcon_core.package_identification:_identify(src/yolov5_ros) by extension 'colcon_meta'
[0.328s] Level 1:colcon.colcon_core.package_identification:_identify(src/yolov5_ros) by extensions ['ros']
[0.328s] Level 1:colcon.colcon_core.package_identification:_identify(src/yolov5_ros) by extension 'ros'
[0.328s] DEBUG:colcon.colcon_core.package_identification:Package 'src/yolov5_ros' with type 'ros.ament_python' and name 'yolov5_ros'
[0.328s] Level 1:colcon.colcon_core.package_discovery:discover_packages(recursive) using defaults
[0.328s] Level 1:colcon.colcon_core.package_discovery:discover_packages(ignore) discover
[0.328s] Level 1:colcon.colcon_core.package_discovery:discover_packages(ignore) using defaults
[0.328s] Level 1:colcon.colcon_core.package_discovery:discover_packages(path) discover
[0.329s] Level 1:colcon.colcon_core.package_discovery:discover_packages(path) using defaults
[0.347s] Level 1:colcon.colcon_core.package_discovery:discover_packages(prefix_path) check parameters
[0.347s] Level 1:colcon.colcon_core.package_discovery:discover_packages(prefix_path) discover
[0.349s] DEBUG:colcon.colcon_installed_package_information.package_discovery:Found 3 installed packages in /home/kkh/yolov5_ros2/install
[0.351s] DEBUG:colcon.colcon_installed_package_information.package_discovery:Found 314 installed packages in /opt/ros/foxy
[0.352s] Level 1:colcon.colcon_core.package_discovery:discover_packages(prefix_path) using defaults
[0.415s] Level 5:colcon.colcon_core.verb:set package 'bboxes' build argument 'cmake_args' from command line to 'None'
[0.415s] Level 5:colcon.colcon_core.verb:set package 'bboxes' build argument 'cmake_target' from command line to 'None'
[0.415s] Level 5:colcon.colcon_core.verb:set package 'bboxes' build argument 'cmake_target_skip_unavailable' from command line to 'False'
[0.415s] Level 5:colcon.colcon_core.verb:set package 'bboxes' build argument 'cmake_clean_cache' from command line to 'False'
[0.415s] Level 5:colcon.colcon_core.verb:set package 'bboxes' build argument 'cmake_clean_first' from command line to 'False'
[0.415s] Level 5:colcon.colcon_core.verb:set package 'bboxes' build argument 'cmake_force_configure' from command line to 'False'
[0.415s] Level 5:colcon.colcon_core.verb:set package 'bboxes' build argument 'ament_cmake_args' from command line to 'None'
[0.415s] Level 5:colcon.colcon_core.verb:set package 'bboxes' build argument 'catkin_cmake_args' from command line to 'None'
[0.415s] Level 5:colcon.colcon_core.verb:set package 'bboxes' build argument 'catkin_skip_building_tests' from command line to 'False'
[0.415s] DEBUG:colcon.colcon_core.verb:Building package 'bboxes' with the following arguments: {'ament_cmake_args': None, 'build_base': '/home/kkh/Ros_yolov5/build/bboxes', 'catkin_cmake_args': None, 'catkin_skip_building_tests': False, 'cmake_args': None, 'cmake_clean_cache': False, 'cmake_clean_first': False, 'cmake_force_configure': False, 'cmake_target': None, 'cmake_target_skip_unavailable': False, 'install_base': '/home/kkh/Ros_yolov5/install/bboxes', 'merge_install': False, 'path': '/home/kkh/Ros_yolov5/src/bboxes', 'symlink_install': True, 'test_result_base': None}
[0.416s] Level 5:colcon.colcon_core.verb:set package 'srv_example' build argument 'cmake_args' from command line to 'None'
[0.416s] Level 5:colcon.colcon_core.verb:set package 'srv_example' build argument 'cmake_target' from command line to 'None'
[0.416s] Level 5:colcon.colcon_core.verb:set package 'srv_example' build argument 'cmake_target_skip_unavailable' from command line to 'False'
[0.416s] Level 5:colcon.colcon_core.verb:set package 'srv_example' build argument 'cmake_clean_cache' from command line to 'False'
[0.416s] Level 5:colcon.colcon_core.verb:set package 'srv_example' build argument 'cmake_clean_first' from command line to 'False'
[0.416s] Level 5:colcon.colcon_core.verb:set package 'srv_example' build argument 'cmake_force_configure' from command line to 'False'
[0.416s] Level 5:colcon.colcon_core.verb:set package 'srv_example' build argument 'ament_cmake_args' from command line to 'None'
[0.416s] Level 5:colcon.colcon_core.verb:set package 'srv_example' build argument 'catkin_cmake_args' from command line to 'None'
[0.416s] Level 5:colcon.colcon_core.verb:set package 'srv_example' build argument 'catkin_skip_building_tests' from command line to 'False'
[0.416s] DEBUG:colcon.colcon_core.verb:Building package 'srv_example' with the following arguments: {'ament_cmake_args': None, 'build_base': '/home/kkh/Ros_yolov5/build/srv_example', 'catkin_cmake_args': None, 'catkin_skip_building_tests': False, 'cmake_args': None, 'cmake_clean_cache': False, 'cmake_clean_first': False, 'cmake_force_configure': False, 'cmake_target': None, 'cmake_target_skip_unavailable': False, 'install_base': '/home/kkh/Ros_yolov5/install/srv_example', 'merge_install': False, 'path': '/home/kkh/Ros_yolov5/src/srv_example', 'symlink_install': True, 'test_result_base': None}
[0.417s] Level 5:colcon.colcon_core.verb:set package 'yolov5_ros' build argument 'cmake_args' from command line to 'None'
[0.417s] Level 5:colcon.colcon_core.verb:set package 'yolov5_ros' build argument 'cmake_target' from command line to 'None'
[0.417s] Level 5:colcon.colcon_core.verb:set package 'yolov5_ros' build argument 'cmake_target_skip_unavailable' from command line to 'False'
[0.417s] Level 5:colcon.colcon_core.verb:set package 'yolov5_ros' build argument 'cmake_clean_cache' from command line to 'False'
[0.417s] Level 5:colcon.colcon_core.verb:set package 'yolov5_ros' build argument 'cmake_clean_first' from command line to 'False'
[0.417s] Level 5:colcon.colcon_core.verb:set package 'yolov5_ros' build argument 'cmake_force_configure' from command line to 'False'
[0.417s] Level 5:colcon.colcon_core.verb:set package 'yolov5_ros' build argument 'ament_cmake_args' from command line to 'None'
[0.417s] Level 5:colcon.colcon_core.verb:set package 'yolov5_ros' build argument 'catkin_cmake_args' from command line to 'None'
[0.417s] Level 5:colcon.colcon_core.verb:set package 'yolov5_ros' build argument 'catkin_skip_building_tests' from command line to 'False'
[0.417s] DEBUG:colcon.colcon_core.verb:Building package 'yolov5_ros' with the following arguments: {'ament_cmake_args': None, 'build_base': '/home/kkh/Ros_yolov5/build/yolov5_ros', 'catkin_cmake_args': None, 'catkin_skip_building_tests': False, 'cmake_args': None, 'cmake_clean_cache': False, 'cmake_clean_first': False, 'cmake_force_configure': False, 'cmake_target': None, 'cmake_target_skip_unavailable': False, 'install_base': '/home/kkh/Ros_yolov5/install/yolov5_ros', 'merge_install': False, 'path': '/home/kkh/Ros_yolov5/src/yolov5_ros', 'symlink_install': True, 'test_result_base': None}
[0.418s] INFO:colcon.colcon_core.executor:Executing jobs using 'parallel' executor
[0.421s] DEBUG:colcon.colcon_parallel_executor.executor.parallel:run_until_complete
[0.421s] INFO:colcon.colcon_ros.task.ament_cmake.build:Building ROS package in '/home/kkh/Ros_yolov5/src/bboxes' with build type 'ament_cmake'
[0.421s] INFO:colcon.colcon_cmake.task.cmake.build:Building CMake package in '/home/kkh/Ros_yolov5/src/bboxes'
[0.425s] INFO:colcon.colcon_core.plugin_system:Skipping extension 'colcon_core.shell.bat': Not used on non-Windows systems
[0.425s] INFO:colcon.colcon_core.shell:Skip shell extension 'powershell' for command environment: Not usable outside of PowerShell
[0.425s] DEBUG:colcon.colcon_core.shell:Skip shell extension 'dsv' for command environment
[0.431s] INFO:colcon.colcon_ros.task.ament_python.build:Building ROS package in '/home/kkh/Ros_yolov5/src/srv_example' with build type 'ament_python'
[0.431s] Level 1:colcon.colcon_core.shell:create_environment_hook('srv_example', 'ament_prefix_path')
[0.433s] INFO:colcon.colcon_core.shell:Creating environment hook '/home/kkh/Ros_yolov5/install/srv_example/share/srv_example/hook/ament_prefix_path.ps1'
[0.434s] INFO:colcon.colcon_core.shell:Creating environment descriptor '/home/kkh/Ros_yolov5/install/srv_example/share/srv_example/hook/ament_prefix_path.dsv'
[0.434s] INFO:colcon.colcon_core.shell:Creating environment hook '/home/kkh/Ros_yolov5/install/srv_example/share/srv_example/hook/ament_prefix_path.sh'
[0.436s] INFO:colcon.colcon_core.shell:Skip shell extension 'powershell' for command environment: Not usable outside of PowerShell
[0.436s] DEBUG:colcon.colcon_core.shell:Skip shell extension 'dsv' for command environment
[0.442s] INFO:colcon.colcon_ros.task.ament_python.build:Building ROS package in '/home/kkh/Ros_yolov5/src/yolov5_ros' with build type 'ament_python'
[0.442s] Level 1:colcon.colcon_core.shell:create_environment_hook('yolov5_ros', 'ament_prefix_path')
[0.444s] INFO:colcon.colcon_core.shell:Creating environment hook '/home/kkh/Ros_yolov5/install/yolov5_ros/share/yolov5_ros/hook/ament_prefix_path.ps1'
[0.444s] INFO:colcon.colcon_core.shell:Creating environment descriptor '/home/kkh/Ros_yolov5/install/yolov5_ros/share/yolov5_ros/hook/ament_prefix_path.dsv'
[0.445s] INFO:colcon.colcon_core.shell:Creating environment hook '/home/kkh/Ros_yolov5/install/yolov5_ros/share/yolov5_ros/hook/ament_prefix_path.sh'
[0.446s] INFO:colcon.colcon_core.shell:Skip shell extension 'powershell' for command environment: Not usable outside of PowerShell
[0.446s] DEBUG:colcon.colcon_core.shell:Skip shell extension 'dsv' for command environment
[0.457s] DEBUG:colcon.colcon_core.event_handler.log_command:Invoking command in '/home/kkh/Ros_yolov5/build/bboxes': CMAKE_PREFIX_PATH=${CMAKE_PREFIX_PATH}:/home/kkh/yolov5_ros2/install/yolov5_ros:/home/kkh/yolov5_ros2/install/srv_example:/opt/ros/foxy /home/kkh/.local/bin/cmake /home/kkh/Ros_yolov5/src/bboxes -DAMENT_CMAKE_SYMLINK_INSTALL=1 -DCMAKE_INSTALL_PREFIX=/home/kkh/Ros_yolov5/install/bboxes
[0.694s] INFO:colcon.colcon_core.task.python.build:Building Python package in '/home/kkh/Ros_yolov5/src/srv_example'
[0.696s] INFO:colcon.colcon_core.shell:Skip shell extension 'powershell' for command environment: Not usable outside of PowerShell
[0.696s] DEBUG:colcon.colcon_core.shell:Skip shell extension 'dsv' for command environment
[0.929s] INFO:colcon.colcon_core.task.python.build:Building Python package in '/home/kkh/Ros_yolov5/src/yolov5_ros'
[0.931s] INFO:colcon.colcon_core.shell:Skip shell extension 'powershell' for command environment: Not usable outside of PowerShell
[0.931s] DEBUG:colcon.colcon_core.shell:Skip shell extension 'dsv' for command environment
[1.292s] DEBUG:colcon.colcon_core.event_handler.log_command:Invoking command in '/home/kkh/Ros_yolov5/build/srv_example': PYTHONPATH=/home/kkh/Ros_yolov5/build/srv_example/prefix_override:/home/kkh/Ros_yolov5/install/srv_example/lib/python3.8/site-packages:${PYTHONPATH} /usr/bin/python3 setup.py develop --editable --build-directory /home/kkh/Ros_yolov5/build/srv_example/build --no-deps install_data
[1.318s] DEBUG:colcon.colcon_core.event_handler.log_command:Invoking command in '/home/kkh/Ros_yolov5/build/yolov5_ros': PYTHONPATH=/home/kkh/Ros_yolov5/build/yolov5_ros/prefix_override:/home/kkh/Ros_yolov5/install/yolov5_ros/lib/python3.8/site-packages:${PYTHONPATH} /usr/bin/python3 setup.py develop --editable --build-directory /home/kkh/Ros_yolov5/build/yolov5_ros/build --no-deps install_data
[1.725s] Level 1:colcon.colcon_core.shell:create_environment_hook('srv_example', 'pythonpath_develop')
[1.727s] INFO:colcon.colcon_core.shell:Creating environment hook '/home/kkh/Ros_yolov5/build/srv_example/share/srv_example/hook/pythonpath_develop.ps1'
[1.728s] DEBUG:colcon.colcon_core.event_handler.log_command:Invoked command in '/home/kkh/Ros_yolov5/build/srv_example' returned '0': PYTHONPATH=/home/kkh/Ros_yolov5/build/srv_example/prefix_override:/home/kkh/Ros_yolov5/install/srv_example/lib/python3.8/site-packages:${PYTHONPATH} /usr/bin/python3 setup.py develop --editable --build-directory /home/kkh/Ros_yolov5/build/srv_example/build --no-deps install_data
[1.728s] INFO:colcon.colcon_core.shell:Creating environment descriptor '/home/kkh/Ros_yolov5/build/srv_example/share/srv_example/hook/pythonpath_develop.dsv'
[1.728s] INFO:colcon.colcon_core.shell:Creating environment hook '/home/kkh/Ros_yolov5/build/srv_example/share/srv_example/hook/pythonpath_develop.sh'
[1.736s] Level 1:colcon.colcon_core.environment:checking '/home/kkh/Ros_yolov5/install/srv_example' for CMake module files
[1.737s] Level 1:colcon.colcon_core.environment:checking '/home/kkh/Ros_yolov5/install/srv_example' for CMake config files
[1.737s] Level 1:colcon.colcon_core.environment:checking '/home/kkh/Ros_yolov5/install/srv_example/lib'
[1.738s] Level 1:colcon.colcon_core.environment:checking '/home/kkh/Ros_yolov5/install/srv_example/bin'
[1.738s] Level 1:colcon.colcon_core.environment:checking '/home/kkh/Ros_yolov5/install/srv_example/lib/pkgconfig/srv_example.pc'
[1.738s] Level 1:colcon.colcon_core.environment:checking '/home/kkh/Ros_yolov5/install/srv_example/lib/python3.8/site-packages'
[1.738s] Level 1:colcon.colcon_core.shell:create_environment_hook('srv_example', 'pythonpath')
[1.740s] INFO:colcon.colcon_core.shell:Creating environment hook '/home/kkh/Ros_yolov5/install/srv_example/share/srv_example/hook/pythonpath.ps1'
[1.741s] INFO:colcon.colcon_core.shell:Creating environment descriptor '/home/kkh/Ros_yolov5/install/srv_example/share/srv_example/hook/pythonpath.dsv'
[1.741s] INFO:colcon.colcon_core.shell:Creating environment hook '/home/kkh/Ros_yolov5/install/srv_example/share/srv_example/hook/pythonpath.sh'
[1.742s] Level 1:colcon.colcon_core.environment:checking '/home/kkh/Ros_yolov5/install/srv_example/bin'
[1.742s] Level 1:colcon.colcon_core.environment:create_environment_scripts_only(srv_example)
[1.744s] INFO:colcon.colcon_core.shell:Creating package script '/home/kkh/Ros_yolov5/install/srv_example/share/srv_example/package.ps1'
[1.746s] INFO:colcon.colcon_core.shell:Creating package descriptor '/home/kkh/Ros_yolov5/install/srv_example/share/srv_example/package.dsv'
[1.747s] INFO:colcon.colcon_core.shell:Creating package script '/home/kkh/Ros_yolov5/install/srv_example/share/srv_example/package.sh'
[1.748s] INFO:colcon.colcon_core.shell:Creating package script '/home/kkh/Ros_yolov5/install/srv_example/share/srv_example/package.bash'
[1.749s] INFO:colcon.colcon_core.shell:Creating package script '/home/kkh/Ros_yolov5/install/srv_example/share/srv_example/package.zsh'
[1.749s] Level 1:colcon.colcon_core.environment:create_file_with_runtime_dependencies(/home/kkh/Ros_yolov5/install/srv_example/share/colcon-core/packages/srv_example)
[1.757s] Level 1:colcon.colcon_core.shell:create_environment_hook('yolov5_ros', 'pythonpath_develop')
[1.759s] INFO:colcon.colcon_core.shell:Creating environment hook '/home/kkh/Ros_yolov5/build/yolov5_ros/share/yolov5_ros/hook/pythonpath_develop.ps1'
[1.760s] DEBUG:colcon.colcon_core.event_handler.log_command:Invoked command in '/home/kkh/Ros_yolov5/build/yolov5_ros' returned '0': PYTHONPATH=/home/kkh/Ros_yolov5/build/yolov5_ros/prefix_override:/home/kkh/Ros_yolov5/install/yolov5_ros/lib/python3.8/site-packages:${PYTHONPATH} /usr/bin/python3 setup.py develop --editable --build-directory /home/kkh/Ros_yolov5/build/yolov5_ros/build --no-deps install_data
[1.760s] INFO:colcon.colcon_core.shell:Creating environment descriptor '/home/kkh/Ros_yolov5/build/yolov5_ros/share/yolov5_ros/hook/pythonpath_develop.dsv'
[1.761s] INFO:colcon.colcon_core.shell:Creating environment hook '/home/kkh/Ros_yolov5/build/yolov5_ros/share/yolov5_ros/hook/pythonpath_develop.sh'
[1.764s] Level 1:colcon.colcon_core.environment:checking '/home/kkh/Ros_yolov5/install/yolov5_ros' for CMake module files
[1.764s] Level 1:colcon.colcon_core.environment:checking '/home/kkh/Ros_yolov5/install/yolov5_ros' for CMake config files
[1.765s] Level 1:colcon.colcon_core.environment:checking '/home/kkh/Ros_yolov5/install/yolov5_ros/lib'
[1.765s] Level 1:colcon.colcon_core.environment:checking '/home/kkh/Ros_yolov5/install/yolov5_ros/bin'
[1.765s] Level 1:colcon.colcon_core.environment:checking '/home/kkh/Ros_yolov5/install/yolov5_ros/lib/pkgconfig/yolov5_ros.pc'
[1.765s] Level 1:colcon.colcon_core.environment:checking '/home/kkh/Ros_yolov5/install/yolov5_ros/lib/python3.8/site-packages'
[1.765s] Level 1:colcon.colcon_core.shell:create_environment_hook('yolov5_ros', 'pythonpath')
[1.768s] INFO:colcon.colcon_core.shell:Creating environment hook '/home/kkh/Ros_yolov5/install/yolov5_ros/share/yolov5_ros/hook/pythonpath.ps1'
[1.768s] INFO:colcon.colcon_core.shell:Creating environment descriptor '/home/kkh/Ros_yolov5/install/yolov5_ros/share/yolov5_ros/hook/pythonpath.dsv'
[1.768s] INFO:colcon.colcon_core.shell:Creating environment hook '/home/kkh/Ros_yolov5/install/yolov5_ros/share/yolov5_ros/hook/pythonpath.sh'
[1.769s] Level 1:colcon.colcon_core.environment:checking '/home/kkh/Ros_yolov5/install/yolov5_ros/bin'
[1.769s] Level 1:colcon.colcon_core.environment:create_environment_scripts_only(yolov5_ros)
[1.771s] INFO:colcon.colcon_core.shell:Creating package script '/home/kkh/Ros_yolov5/install/yolov5_ros/share/yolov5_ros/package.ps1'
[1.772s] INFO:colcon.colcon_core.shell:Creating package descriptor '/home/kkh/Ros_yolov5/install/yolov5_ros/share/yolov5_ros/package.dsv'
[1.772s] INFO:colcon.colcon_core.shell:Creating package script '/home/kkh/Ros_yolov5/install/yolov5_ros/share/yolov5_ros/package.sh'
[1.773s] INFO:colcon.colcon_core.shell:Creating package script '/home/kkh/Ros_yolov5/install/yolov5_ros/share/yolov5_ros/package.bash'
[1.773s] INFO:colcon.colcon_core.shell:Creating package script '/home/kkh/Ros_yolov5/install/yolov5_ros/share/yolov5_ros/package.zsh'
[1.773s] Level 1:colcon.colcon_core.environment:create_file_with_runtime_dependencies(/home/kkh/Ros_yolov5/install/yolov5_ros/share/colcon-core/packages/yolov5_ros)
[2.371s] DEBUG:colcon.colcon_core.event_handler.log_command:Invoked command in '/home/kkh/Ros_yolov5/build/bboxes' returned '0': CMAKE_PREFIX_PATH=${CMAKE_PREFIX_PATH}:/home/kkh/yolov5_ros2/install/yolov5_ros:/home/kkh/yolov5_ros2/install/srv_example:/opt/ros/foxy /home/kkh/.local/bin/cmake /home/kkh/Ros_yolov5/src/bboxes -DAMENT_CMAKE_SYMLINK_INSTALL=1 -DCMAKE_INSTALL_PREFIX=/home/kkh/Ros_yolov5/install/bboxes
[2.374s] DEBUG:colcon.colcon_core.event_handler.log_command:Invoking command in '/home/kkh/Ros_yolov5/build/bboxes': CMAKE_PREFIX_PATH=${CMAKE_PREFIX_PATH}:/home/kkh/yolov5_ros2/install/yolov5_ros:/home/kkh/yolov5_ros2/install/srv_example:/opt/ros/foxy /home/kkh/.local/bin/cmake --build /home/kkh/Ros_yolov5/build/bboxes -- -j8 -l8
[5.319s] DEBUG:colcon.colcon_core.event_handler.log_command:Invoked command in '/home/kkh/Ros_yolov5/build/bboxes' returned '0': CMAKE_PREFIX_PATH=${CMAKE_PREFIX_PATH}:/home/kkh/yolov5_ros2/install/yolov5_ros:/home/kkh/yolov5_ros2/install/srv_example:/opt/ros/foxy /home/kkh/.local/bin/cmake --build /home/kkh/Ros_yolov5/build/bboxes -- -j8 -l8
[5.510s] DEBUG:colcon.colcon_core.event_handler.log_command:Invoking command in '/home/kkh/Ros_yolov5/build/bboxes': CMAKE_PREFIX_PATH=${CMAKE_PREFIX_PATH}:/home/kkh/yolov5_ros2/install/yolov5_ros:/home/kkh/yolov5_ros2/install/srv_example:/opt/ros/foxy /home/kkh/.local/bin/cmake --install /home/kkh/Ros_yolov5/build/bboxes
[5.931s] Level 1:colcon.colcon_core.environment:create_environment_scripts_only(bboxes)
[5.933s] Level 1:colcon.colcon_core.environment:checking '/home/kkh/Ros_yolov5/install/bboxes' for CMake module files
[5.933s] DEBUG:colcon.colcon_core.event_handler.log_command:Invoked command in '/home/kkh/Ros_yolov5/build/bboxes' returned '0': CMAKE_PREFIX_PATH=${CMAKE_PREFIX_PATH}:/home/kkh/yolov5_ros2/install/yolov5_ros:/home/kkh/yolov5_ros2/install/srv_example:/opt/ros/foxy /home/kkh/.local/bin/cmake --install /home/kkh/Ros_yolov5/build/bboxes
[5.934s] Level 1:colcon.colcon_core.environment:checking '/home/kkh/Ros_yolov5/install/bboxes' for CMake config files
[5.935s] Level 1:colcon.colcon_core.shell:create_environment_hook('bboxes', 'cmake_prefix_path')
[5.936s] INFO:colcon.colcon_core.shell:Creating environment hook '/home/kkh/Ros_yolov5/install/bboxes/share/bboxes/hook/cmake_prefix_path.ps1'
[5.936s] INFO:colcon.colcon_core.shell:Creating environment descriptor '/home/kkh/Ros_yolov5/install/bboxes/share/bboxes/hook/cmake_prefix_path.dsv'
[5.937s] INFO:colcon.colcon_core.shell:Creating environment hook '/home/kkh/Ros_yolov5/install/bboxes/share/bboxes/hook/cmake_prefix_path.sh'
[5.937s] Level 1:colcon.colcon_core.environment:checking '/home/kkh/Ros_yolov5/install/bboxes/lib'
[5.937s] Level 1:colcon.colcon_core.shell:create_environment_hook('bboxes', 'ld_library_path_lib')
[5.939s] INFO:colcon.colcon_core.shell:Creating environment hook '/home/kkh/Ros_yolov5/install/bboxes/share/bboxes/hook/ld_library_path_lib.ps1'
[5.940s] INFO:colcon.colcon_core.shell:Creating environment descriptor '/home/kkh/Ros_yolov5/install/bboxes/share/bboxes/hook/ld_library_path_lib.dsv'
[5.940s] INFO:colcon.colcon_core.shell:Creating environment hook '/home/kkh/Ros_yolov5/install/bboxes/share/bboxes/hook/ld_library_path_lib.sh'
[5.940s] Level 1:colcon.colcon_core.environment:checking '/home/kkh/Ros_yolov5/install/bboxes/bin'
[5.941s] Level 1:colcon.colcon_core.environment:checking '/home/kkh/Ros_yolov5/install/bboxes/lib/pkgconfig/bboxes.pc'
[5.941s] Level 1:colcon.colcon_core.environment:checking '/home/kkh/Ros_yolov5/install/bboxes/lib/python3.8/site-packages'
[5.941s] Level 1:colcon.colcon_core.shell:create_environment_hook('bboxes', 'pythonpath')
[5.943s] INFO:colcon.colcon_core.shell:Creating environment hook '/home/kkh/Ros_yolov5/install/bboxes/share/bboxes/hook/pythonpath.ps1'
[5.943s] INFO:colcon.colcon_core.shell:Creating environment descriptor '/home/kkh/Ros_yolov5/install/bboxes/share/bboxes/hook/pythonpath.dsv'
[5.944s] INFO:colcon.colcon_core.shell:Creating environment hook '/home/kkh/Ros_yolov5/install/bboxes/share/bboxes/hook/pythonpath.sh'
[5.944s] Level 1:colcon.colcon_core.environment:checking '/home/kkh/Ros_yolov5/install/bboxes/bin'
[5.947s] INFO:colcon.colcon_core.shell:Creating package script '/home/kkh/Ros_yolov5/install/bboxes/share/bboxes/package.ps1'
[5.948s] INFO:colcon.colcon_core.shell:Creating package descriptor '/home/kkh/Ros_yolov5/install/bboxes/share/bboxes/package.dsv'
[5.949s] INFO:colcon.colcon_core.shell:Creating package script '/home/kkh/Ros_yolov5/install/bboxes/share/bboxes/package.sh'
[5.949s] INFO:colcon.colcon_core.shell:Creating package script '/home/kkh/Ros_yolov5/install/bboxes/share/bboxes/package.bash'
[5.950s] INFO:colcon.colcon_core.shell:Creating package script '/home/kkh/Ros_yolov5/install/bboxes/share/bboxes/package.zsh'
[5.950s] Level 1:colcon.colcon_core.environment:create_file_with_runtime_dependencies(/home/kkh/Ros_yolov5/install/bboxes/share/colcon-core/packages/bboxes)
[6.087s] Level 1:colcon.colcon_core.environment:create_environment_scripts_only(bboxes)
[6.090s] Level 1:colcon.colcon_core.environment:checking '/home/kkh/Ros_yolov5/install/bboxes' for CMake module files
[6.091s] Level 1:colcon.colcon_core.environment:checking '/home/kkh/Ros_yolov5/install/bboxes' for CMake config files
[6.093s] Level 1:colcon.colcon_core.shell:create_environment_hook('bboxes', 'cmake_prefix_path')
[6.095s] INFO:colcon.colcon_core.shell:Creating environment hook '/home/kkh/Ros_yolov5/install/bboxes/share/bboxes/hook/cmake_prefix_path.ps1'
[6.096s] INFO:colcon.colcon_core.shell:Creating environment descriptor '/home/kkh/Ros_yolov5/install/bboxes/share/bboxes/hook/cmake_prefix_path.dsv'
[6.096s] INFO:colcon.colcon_core.shell:Creating environment hook '/home/kkh/Ros_yolov5/install/bboxes/share/bboxes/hook/cmake_prefix_path.sh'
[6.097s] Level 1:colcon.colcon_core.environment:checking '/home/kkh/Ros_yolov5/install/bboxes/lib'
[6.097s] Level 1:colcon.colcon_core.shell:create_environment_hook('bboxes', 'ld_library_path_lib')
[6.100s] INFO:colcon.colcon_core.shell:Creating environment hook '/home/kkh/Ros_yolov5/install/bboxes/share/bboxes/hook/ld_library_path_lib.ps1'
[6.100s] INFO:colcon.colcon_core.shell:Creating environment descriptor '/home/kkh/Ros_yolov5/install/bboxes/share/bboxes/hook/ld_library_path_lib.dsv'
[6.101s] INFO:colcon.colcon_core.shell:Creating environment hook '/home/kkh/Ros_yolov5/install/bboxes/share/bboxes/hook/ld_library_path_lib.sh'
[6.101s] Level 1:colcon.colcon_core.environment:checking '/home/kkh/Ros_yolov5/install/bboxes/bin'
[6.101s] Level 1:colcon.colcon_core.environment:checking '/home/kkh/Ros_yolov5/install/bboxes/lib/pkgconfig/bboxes.pc'
[6.102s] Level 1:colcon.colcon_core.environment:checking '/home/kkh/Ros_yolov5/install/bboxes/lib/python3.8/site-packages'
[6.102s] Level 1:colcon.colcon_core.shell:create_environment_hook('bboxes', 'pythonpath')
[6.104s] INFO:colcon.colcon_core.shell:Creating environment hook '/home/kkh/Ros_yolov5/install/bboxes/share/bboxes/hook/pythonpath.ps1'
[6.105s] INFO:colcon.colcon_core.shell:Creating environment descriptor '/home/kkh/Ros_yolov5/install/bboxes/share/bboxes/hook/pythonpath.dsv'
[6.105s] INFO:colcon.colcon_core.shell:Creating environment hook '/home/kkh/Ros_yolov5/install/bboxes/share/bboxes/hook/pythonpath.sh'
[6.106s] Level 1:colcon.colcon_core.environment:checking '/home/kkh/Ros_yolov5/install/bboxes/bin'
[6.109s] INFO:colcon.colcon_core.shell:Creating package script '/home/kkh/Ros_yolov5/install/bboxes/share/bboxes/package.ps1'
[6.110s] INFO:colcon.colcon_core.shell:Creating package descriptor '/home/kkh/Ros_yolov5/install/bboxes/share/bboxes/package.dsv'
[6.110s] INFO:colcon.colcon_core.shell:Creating package script '/home/kkh/Ros_yolov5/install/bboxes/share/bboxes/package.sh'
[6.111s] INFO:colcon.colcon_core.shell:Creating package script '/home/kkh/Ros_yolov5/install/bboxes/share/bboxes/package.bash'
[6.112s] INFO:colcon.colcon_core.shell:Creating package script '/home/kkh/Ros_yolov5/install/bboxes/share/bboxes/package.zsh'
[6.112s] Level 1:colcon.colcon_core.environment:create_file_with_runtime_dependencies(/home/kkh/Ros_yolov5/install/bboxes/share/colcon-core/packages/bboxes)
[6.113s] DEBUG:colcon.colcon_parallel_executor.executor.parallel:closing loop
[6.113s] DEBUG:colcon.colcon_parallel_executor.executor.parallel:loop closed
[6.114s] DEBUG:colcon.colcon_parallel_executor.executor.parallel:run_until_complete finished with '0'
[6.114s] DEBUG:colcon.colcon_core.event_reactor:joining thread
[6.124s] INFO:colcon.colcon_core.plugin_system:Skipping extension 'colcon_notification.desktop_notification.terminal_notifier': Not used on non-Darwin systems
[6.124s] INFO:colcon.colcon_core.plugin_system:Skipping extension 'colcon_notification.desktop_notification.win32': Not used on non-Windows systems
[6.124s] INFO:colcon.colcon_notification.desktop_notification:Sending desktop notification using 'notify2'
[6.152s] DEBUG:colcon.colcon_core.event_reactor:joined thread
[6.155s] INFO:colcon.colcon_core.shell:Creating prefix script '/home/kkh/Ros_yolov5/install/local_setup.ps1'
[6.157s] INFO:colcon.colcon_core.shell:Creating prefix util module '/home/kkh/Ros_yolov5/install/_local_setup_util_ps1.py'
[6.159s] INFO:colcon.colcon_core.shell:Creating prefix chain script '/home/kkh/Ros_yolov5/install/setup.ps1'
[6.161s] INFO:colcon.colcon_core.shell:Creating prefix script '/home/kkh/Ros_yolov5/install/local_setup.sh'
[6.162s] INFO:colcon.colcon_core.shell:Creating prefix util module '/home/kkh/Ros_yolov5/install/_local_setup_util_sh.py'
[6.163s] INFO:colcon.colcon_core.shell:Creating prefix chain script '/home/kkh/Ros_yolov5/install/setup.sh'
[6.165s] INFO:colcon.colcon_core.shell:Creating prefix script '/home/kkh/Ros_yolov5/install/local_setup.bash'
[6.166s] INFO:colcon.colcon_core.shell:Creating prefix chain script '/home/kkh/Ros_yolov5/install/setup.bash'
[6.169s] INFO:colcon.colcon_core.shell:Creating prefix script '/home/kkh/Ros_yolov5/install/local_setup.zsh'
[6.169s] INFO:colcon.colcon_core.shell:Creating prefix chain script '/home/kkh/Ros_yolov5/install/setup.zsh'
